------------------------------|----------|----------|----------|----------|-------------------|
File                          |  % Stmts | % Branch |  % Funcs |  % Lines | Uncovered Line #s |
------------------------------|----------|----------|----------|----------|-------------------|
All files                     |    74.06 |    43.05 |    73.83 |    75.92 |                   |
 src                          |        0 |      100 |      100 |        0 |                   |
  index.jsx                   |        0 |      100 |      100 |        0 |                 7 |
 src/api                      |    60.87 |       50 |     87.5 |       65 |                   |
  Login.api.js                |       70 |     62.5 |       80 |       75 |             20,25 |
  Youtube.api.js              |    53.85 |        0 |      100 |    58.33 |    14,16,17,19,21 |
 src/components/App           |      100 |      100 |      100 |      100 |                   |
  App.component.jsx           |      100 |      100 |      100 |      100 |                   |
  index.js                    |        0 |        0 |        0 |        0 |                   |
 src/components/Layout        |      100 |      100 |      100 |      100 |                   |
  Layout.component.jsx        |      100 |      100 |      100 |      100 |                   |
  Layout.styled.jsx           |      100 |      100 |      100 |      100 |                   |
  index.js                    |        0 |        0 |        0 |        0 |                   |
 src/components/Login         |       40 |    16.67 |    33.33 |    41.67 |                   |
  Login.component.jsx         |       40 |    16.67 |    33.33 |    41.67 |... 38,39,42,43,45 |
  index.js                    |        0 |        0 |        0 |        0 |                   |
 src/components/Navbar        |    83.13 |    53.13 |    62.96 |       85 |                   |
  Menu.component.jsx          |    64.29 |       50 |       40 |    64.29 |    35,36,42,46,47 |
  Navbar.component.jsx        |    81.48 |     62.5 |    57.14 |     87.5 |          49,58,64 |
  Navbar.styled.jsx           |    90.91 |    42.86 |       75 |    90.91 |           130,146 |
  Sidebar.component.jsx       |       90 |     62.5 |    71.43 |       90 |            98,102 |
  index.js                    |        0 |        0 |        0 |        0 |                   |
 src/components/Private       |      100 |       50 |      100 |      100 |                   |
  Private.component.jsx       |      100 |       50 |      100 |      100 |                10 |
  index.js                    |        0 |        0 |        0 |        0 |                   |
 src/components/Video         |    93.15 |    53.49 |       95 |    95.71 |                   |
  VideoFavorite.component.jsx |    81.25 |       30 |    66.67 |    81.25 |          22,23,24 |
  VideoItem.component.jsx     |      100 |    58.33 |      100 |      100 |    19,23,24,42,49 |
  VideoList.component.jsx     |      100 |      100 |      100 |      100 |                   |
  VideoMain.component.jsx     |    95.24 |       50 |      100 |      100 |    20,25,36,53,77 |
  VideoRelated.component.jsx  |    92.86 |     62.5 |      100 |      100 |          56,73,87 |
  index.js                    |        0 |        0 |        0 |        0 |                   |
 src/pages/Favorite           |      100 |      100 |      100 |      100 |                   |
  Favorite.page.jsx           |      100 |      100 |      100 |      100 |                   |
  Favorite.styled.jsx         |      100 |      100 |      100 |      100 |                   |
  index.js                    |        0 |        0 |        0 |        0 |                   |
 src/pages/Home               |      100 |      100 |      100 |      100 |                   |
  Home.page.jsx               |      100 |      100 |      100 |      100 |                   |
  Home.styled.jsx             |      100 |      100 |      100 |      100 |                   |
  index.js                    |        0 |        0 |        0 |        0 |                   |
 src/pages/NotFound           |      100 |       50 |      100 |      100 |                   |
  NotFound.page.jsx           |      100 |       50 |      100 |      100 |                11 |
  NotFound.styled.jsx         |      100 |       50 |      100 |      100 |           7,25,32 |
  index.js                    |        0 |        0 |        0 |        0 |                   |
 src/pages/VideoDetail        |    52.38 |        0 |       50 |    52.38 |                   |
  VideoDetail.page.jsx        |     37.5 |        0 |    33.33 |     37.5 |... 31,32,35,37,45 |
  VideoDetail.styled.jsx      |      100 |      100 |      100 |      100 |                   |
  VideoFavDetail.page.jsx     |      100 |      100 |      100 |      100 |                   |
  index.js                    |        0 |        0 |        0 |        0 |                   |
 src/providers/Auth           |    59.09 |       50 |       60 |    59.09 |                   |
  Auth.provider.jsx           |    59.09 |       50 |       60 |    59.09 |... 32,38,39,40,41 |
  index.js                    |        0 |        0 |        0 |        0 |                   |
 src/providers/Global         |    90.48 |    66.67 |    88.89 |    92.68 |                   |
  Global.provider.jsx         |    90.48 |    66.67 |    88.89 |    92.68 |          16,38,99 |
  index.js                    |        0 |        0 |        0 |        0 |                   |
 src/utils                    |    76.19 |      100 |     62.5 |    78.95 |                   |
  constants.js                |      100 |      100 |      100 |      100 |                   |
  favsHelper.js               |    66.67 |      100 |       50 |       75 |                 6 |
  fns.js                      |        0 |      100 |        0 |        0 |                 2 |
  scrollTop.js                |      100 |      100 |      100 |      100 |                   |
  storage.js                  |    71.43 |      100 |      100 |    71.43 |               7,8 |
 src/utils/hooks              |    45.61 |     4.55 |    53.85 |    47.27 |                   |
  useDebounce.js              |      100 |      100 |      100 |      100 |                   |
  useVideos.js                |    35.42 |     4.55 |    33.33 |    36.96 |... 82,84,85,93,96 |
------------------------------|----------|----------|----------|----------|-------------------|